c:\workspace\thewittymouse8\proj.win32\debug.win32\animationutils.obj
c:\workspace\thewittymouse8\proj.win32\debug.win32\appdelegate.obj
c:\workspace\thewittymouse8\proj.win32\debug.win32\cloudmanager.obj
c:\workspace\thewittymouse8\proj.win32\debug.win32\cucurbit.obj
c:\workspace\thewittymouse8\proj.win32\debug.win32\hudlayer.obj
c:\workspace\thewittymouse8\proj.win32\debug.win32\json_reader.obj
c:\workspace\thewittymouse8\proj.win32\debug.win32\json_value.obj
c:\workspace\thewittymouse8\proj.win32\debug.win32\json_writer.obj
c:\workspace\thewittymouse8\proj.win32\debug.win32\loadingscene.obj
c:\workspace\thewittymouse8\proj.win32\debug.win32\menuscene.obj
c:\workspace\thewittymouse8\proj.win32\debug.win32\mousecontroller.obj
c:\workspace\thewittymouse8\proj.win32\debug.win32\network.obj
c:\workspace\thewittymouse8\proj.win32\debug.win32\networklayer.obj
c:\workspace\thewittymouse8\proj.win32\debug.win32\popup.obj
c:\workspace\thewittymouse8\proj.win32\debug.win32\progress.obj
c:\workspace\thewittymouse8\proj.win32\debug.win32\propmanager.obj
c:\workspace\thewittymouse8\proj.win32\debug.win32\snare.obj
c:\workspace\thewittymouse8\proj.win32\debug.win32\weatherinfo.obj
c:\workspace\thewittymouse8\proj.win32\debug.win32\weathermanager.obj
c:\workspace\thewittymouse8\proj.win32\debug.win32\actioncontroller.obj
c:\workspace\thewittymouse8\proj.win32\debug.win32\cloud.obj
c:\workspace\thewittymouse8\proj.win32\debug.win32\cucrbitmanage.obj
c:\workspace\thewittymouse8\proj.win32\debug.win32\gameover.obj
c:\workspace\thewittymouse8\proj.win32\debug.win32\i18n.obj
c:\workspace\thewittymouse8\proj.win32\debug.win32\mainscene.obj
c:\workspace\thewittymouse8\proj.win32\debug.win32\mouse.obj
c:\workspace\thewittymouse8\proj.win32\debug.win32\mouserect.obj
c:\workspace\thewittymouse8\proj.win32\debug.win32\networkmanager.obj
c:\workspace\thewittymouse8\proj.win32\debug.win32\pause.obj
c:\workspace\thewittymouse8\proj.win32\debug.win32\prop.obj
c:\workspace\thewittymouse8\proj.win32\debug.win32\propcontainer.obj
c:\workspace\thewittymouse8\proj.win32\debug.win32\skateboard.obj
c:\workspace\thewittymouse8\proj.win32\debug.win32\util.obj
c:\workspace\thewittymouse8\proj.win32\debug.win32\weather.obj
c:\workspace\thewittymouse8\proj.win32\debug.win32\main.obj
c:\workspace\thewittymouse8\proj.win32\debug.win32\vc120.pdb
c:\workspace\thewittymouse8\proj.win32\debug.win32\vc120.idb
c:\workspace\thewittymouse8\proj.win32\debug.win32\thewittymouse2.ilk
c:\workspace\thewittymouse8\proj.win32\debug.win32\thewittymouse2.exe
c:\workspace\thewittymouse8\proj.win32\debug.win32\thewittymouse2.pdb
c:\workspace\thewittymouse8\proj.win32\debug.win32\game.res
c:\workspace\thewittymouse8\proj.win32\debug.win32\thewittymouse2.lib
c:\workspace\thewittymouse8\proj.win32\debug.win32\thewittymouse2.exp
c:\workspace\thewittymouse8\proj.win32\debug.win32\thewittymouse2.tlog\cl.command.1.tlog
c:\workspace\thewittymouse8\proj.win32\debug.win32\thewittymouse2.tlog\cl.read.1.tlog
c:\workspace\thewittymouse8\proj.win32\debug.win32\thewittymouse2.tlog\cl.write.1.tlog
c:\workspace\thewittymouse8\proj.win32\debug.win32\thewittymouse2.tlog\link.command.1.tlog
c:\workspace\thewittymouse8\proj.win32\debug.win32\thewittymouse2.tlog\link.read.1.tlog
c:\workspace\thewittymouse8\proj.win32\debug.win32\thewittymouse2.tlog\link.write.1.tlog
c:\workspace\thewittymouse8\proj.win32\debug.win32\thewittymouse2.tlog\rc.command.1.tlog
c:\workspace\thewittymouse8\proj.win32\debug.win32\thewittymouse2.tlog\rc.read.1.tlog
c:\workspace\thewittymouse8\proj.win32\debug.win32\thewittymouse2.tlog\rc.write.1.tlog
c:\workspace\thewittymouse8\proj.win32\debug.win32\thewittymouse2.tlog\thewittymouse2.write.1u.tlog
